<?xml version="1.0" encoding="UTF-8"?>
<testng-results ignored="0" total="1" passed="1" failed="0" skipped="0">
  <reporter-output>
  </reporter-output>
  <suite started-at="2023-07-21T01:14:42 CDT" name="Carina Demo Tests - Hello World" finished-at="2023-07-21T01:14:42 CDT" duration-ms="99">
    <groups>
    </groups>
    <test started-at="2023-07-21T01:14:42 CDT" name="Hello World test" finished-at="2023-07-21T01:14:42 CDT" duration-ms="99">
      <class name="com.solvd.api.carina.demo.HelloWorld">
        <test-method signature="helloWorld()[pri:0, instance:com.solvd.api.carina.demo.HelloWorld@3599b7e8]" started-at="2023-07-21T01:14:42 CDT" name="helloWorld" finished-at="2023-07-21T01:14:42 CDT" duration-ms="20" status="PASS">
          <reporter-output>
          </reporter-output>
        </test-method> <!-- helloWorld -->
        <test-method is-config="true" signature="onCarinaAfterMethod()[pri:0, instance:com.solvd.api.carina.demo.HelloWorld@3599b7e8]" started-at="2023-07-21T01:14:42 CDT" name="onCarinaAfterMethod" finished-at="2023-07-21T01:14:42 CDT" duration-ms="2" status="PASS">
          <reporter-output>
          </reporter-output>
        </test-method> <!-- onCarinaAfterMethod -->
      </class> <!-- com.solvd.api.carina.demo.HelloWorld -->
    </test> <!-- Hello World test -->
  </suite> <!-- Carina Demo Tests - Hello World -->
</testng-results>
